Arguments: 
  C:\Program Files\nodejs\node.exe C:\Users\Administrator\AppData\Roaming\npm\node_modules\yarn\bin\yarn.js add --dev stylelint stylelint-order

PATH: 
  C:\Users\Administrator\bin;C:\Program Files\Git\mingw64\bin;C:\Program Files\Git\usr\local\bin;C:\Program Files\Git\usr\bin;C:\Program Files\Git\usr\bin;C:\Program Files\Git\mingw64\bin;C:\Program Files\Git\usr\bin;C:\Users\Administrator\bin;C:\windows\system32;C:\windows;C:\windows\System32\Wbem;C:\windows\System32\WindowsPowerShell\v1.0;C:\windows\System32\OpenSSH;C:\Program Files\Git\cmd;C:\Program Files\nodejs;C:\Users\Administrator\AppData\Local\Microsoft\WindowsApps;C:\Users\Administrator\AppData\Roaming\npm;C:\Users\Administrator\AppData\Local\Programs\Microsoft VS Code\bin;C:\Program Files\Git\usr\bin\vendor_perl;C:\Program Files\Git\usr\bin\core_perl

Yarn version: 
  1.22.10

Node version: 
  14.16.0

Platform: 
  win32 x64

Trace: 
  Error: ENOENT: no such file or directory, copyfile 'C:\Users\Administrator\AppData\Local\Yarn\Cache\v6\npm-color-convert-1.9.3-bb71850690e1f136567de629d2d5471deda4c1e8-integrity\node_modules\color-convert\CHANGELOG.md' -> 'E:\project\changan-admin\src\node_modules\chalk\node_modules\color-convert\CHANGELOG.md'

npm manifest: 
  {
    "devDependencies": {
      "stylelint": "^13.13.1",
      "stylelint-config-sass-guidelines": "^8.0.0",
      "stylelint-config-standard": "^22.0.0",
      "stylelint-order": "^4.1.0",
      "stylelint-scss": "^3.19.0"
    }
  }

yarn manifest: 
  No manifest

Lockfile: 
  No lockfile
